<?xml version="1.0" encoding="UTF-8"?>
<!-- Generated by org.testng.reporters.JUnitReportReporter -->
<testsuite hostname="LAPTOP-KJNNN8MQ" failures="0" tests="1" name="com.automation.generic.Hybrid_FW_Base_Class" time="25.750" errors="0" timestamp="2023-03-14T16:16:31 IST" skipped="0">
  <testcase classname="com.automation.generic.Hybrid_FW_Base_Class" name="testopenBrowser" time="25.750"/>
  <system-out/>
</testsuite> <!-- com.automation.generic.Hybrid_FW_Base_Class -->
